<?xml version="1.0" encoding="UTF-8"?>
<!-- Generated by org.testng.reporters.JUnitXMLReporter -->
<testsuite ignored="0" hostname="Masterpiece" failures="0" tests="6" name="Test" time="60.381" errors="0" timestamp="2025-12-14T12:49:39 IST">
  <testcase classname="testCases.TC001_AccountRegistrationTest" name="verify_Account_Registration" time="5.001"/>
  <testcase classname="testCases.TC002_LoginTest" name="verify_login" time="3.159"/>
  <testcase classname="testCases.TC003_LoginDDT" name="verify_loginDDT" time="2.526"/>
  <testcase classname="testCases.TC003_LoginDDT" name="verify_loginDDT" time="11.751"/>
  <testcase classname="testCases.TC003_LoginDDT" name="verify_loginDDT" time="11.972"/>
  <testcase classname="testCases.TC003_LoginDDT" name="verify_loginDDT" time="12.272"/>
</testsuite> <!-- Test -->
