<?xml version="1.0" encoding="UTF-8"?>
<!-- Generated by org.testng.reporters.JUnitReportReporter -->
<testsuite hostname="Masterpiece" failures="0" tests="4" name="testCases.TC003_LoginDDT" time="38.521" errors="0" timestamp="2025-12-14T12:49:40 IST" skipped="0">
  <testcase classname="testCases.TC003_LoginDDT" name="verify_loginDDT" time="11.972"/>
  <testcase classname="testCases.TC003_LoginDDT" name="verify_loginDDT" time="12.272"/>
  <testcase classname="testCases.TC003_LoginDDT" name="verify_loginDDT" time="11.751"/>
  <testcase classname="testCases.TC003_LoginDDT" name="verify_loginDDT" time="2.526"/>
</testsuite> <!-- testCases.TC003_LoginDDT -->
